1 0.024651 0.046248
2 0.024651 0.025708
3 0.024250 0.019576
4 0.024260 0.016194
5 0.024280 0.014832
6 0.024280 0.012404
7 0.024290 0.010556
8 0.024260 0.010290
9 0.024280 0.008541
10 0.024280 0.007962
11 0.024270 0.007635
12 0.023927 0.006680
13 0.024270 0.007647
14 0.023947 0.006542
15 0.024280 0.007661
16 0.024260 0.007194
17 0.024270 0.005426
18 0.024280 0.005141
19 0.024260 0.005580
20 0.023967 0.005587
21 0.024017 0.004351
22 0.023967 0.004235
23 0.024017 0.004216
24 0.023927 0.004908
25 0.023918 0.005055
26 0.023987 0.004853
27 0.024280 0.003797
28 0.024086 0.004545
29 0.024096 0.003530
30 0.024280 0.003861
31 0.023987 0.004958
32 0.024260 0.003818
33 0.024076 0.004208
34 0.024027 0.003641
35 0.024017 0.003136
36 0.024046 0.003856
37 0.024116 0.003176
38 0.024260 0.003238
39 0.023987 0.003468
40 0.024167 0.002881
41 0.023977 0.002636
42 0.024227 0.003270
43 0.024086 0.003323
44 0.023967 0.002227
45 0.024280 0.003508
46 0.024247 0.003014
47 0.024197 0.002934
48 0.024167 0.002947
49 0.024157 0.002077
50 0.024167 0.002825
51 0.024197 0.003514
52 0.024247 0.003031
53 0.024319 0.002486
54 0.024280 0.002398
55 0.023967 0.003210
56 0.024086 0.002838
57 0.024227 0.002672
58 0.024390 0.003195
59 0.023977 0.002901
60 0.024167 0.002222
61 0.024380 0.001950
62 0.023987 0.002819
63 0.024227 0.002843
64 0.024260 0.002688
65 0.024116 0.002492
66 0.024411 0.002326
67 0.024046 0.002448
68 0.024370 0.002391
69 0.024017 0.001939
70 0.024370 0.001800
71 0.024027 0.002146
72 0.024411 0.002219
73 0.024076 0.002041
74 0.024493 0.002444
75 0.024167 0.002310
76 0.024260 0.002224
77 0.024298 0.002212
78 0.023987 0.001860
79 0.024473 0.001767
80 0.024167 0.001691
81 0.024280 0.001645
82 0.024390 0.001785
83 0.024096 0.002281
84 0.024660 0.002225
85 0.024370 0.002163
86 0.024086 0.002093
87 0.024691 0.001938
88 0.024411 0.001835
89 0.024136 0.001901
90 0.024280 0.002033
91 0.024514 0.002061
92 0.024247 0.001978
93 0.023987 0.002019
94 0.024681 0.001987
95 0.024421 0.001835
96 0.024167 0.001652
97 0.023918 0.001415
98 0.024660 0.001330
99 0.024411 0.001765
100 0.024167 0.001678
101 0.023927 0.002062
102 0.024723 0.002096
103 0.024483 0.002013
104 0.024247 0.001974
105 0.024017 0.001887
106 0.024871 0.001963
107 0.024639 0.001968
108 0.024411 0.001891
109 0.024187 0.001856
110 0.023967 0.001752
111 0.024882 0.001606
112 0.024660 0.001729
113 0.024442 0.001699
114 0.024227 0.001561
115 0.024017 0.001723
116 0.025000 0.001752
117 0.024786 0.001676
118 0.024576 0.001693
119 0.024370 0.001679
120 0.024167 0.001578
121 0.023967 0.001308
