1 0.017385 0.033317
2 0.017385 0.020917
3 0.017385 0.014775
4 0.016929 0.011261
5 0.016937 0.010445
6 0.017385 0.008944
7 0.016929 0.009170
8 0.016929 0.007177
9 0.016933 0.006970
10 0.016937 0.006712
11 0.016929 0.006624
12 0.016945 0.005434
13 0.016965 0.005790
14 0.016929 0.005280
15 0.016957 0.005321
16 0.016961 0.004390
17 0.016973 0.004750
18 0.016969 0.004107
19 0.016926 0.003598
20 0.016977 0.003717
21 0.016957 0.004569
22 0.016929 0.004406
23 0.016973 0.003074
24 0.016993 0.003270
25 0.016977 0.003144
26 0.017016 0.003524
27 0.017004 0.003121
28 0.016929 0.002671
29 0.017008 0.003179
30 0.017016 0.002768
31 0.016941 0.003112
32 0.017024 0.002197
33 0.017016 0.002306
34 0.017040 0.002372
35 0.016957 0.002755
36 0.017040 0.002107
37 0.017008 0.001989
38 0.017000 0.002089
39 0.017016 0.002054
40 0.017056 0.002366
41 0.016957 0.002278
42 0.017040 0.002294
43 0.016977 0.001856
44 0.016929 0.002208
45 0.017076 0.002295
46 0.017064 0.002074
47 0.017068 0.002024
48 0.017088 0.002176
49 0.016929 0.002080
50 0.016977 0.001718
51 0.017040 0.001879
52 0.017120 0.002091
53 0.017004 0.001750
54 0.017112 0.001678
55 0.017016 0.001677
56 0.016929 0.001837
57 0.017076 0.001722
58 0.017008 0.001747
59 0.016949 0.001444
60 0.016432 0.001710
61 0.017096 0.001686
62 0.017064 0.001499
63 0.017040 0.001439
64 0.017024 0.001537
65 0.017016 0.001596
66 0.017016 0.001568
67 0.017024 0.001435
68 0.017040 0.001376
69 0.017064 0.001484
70 0.017096 0.002074
71 0.016432 0.001709
72 0.014595 0.000927
73 0.016949 0.001329
74 0.017008 0.001400
75 0.017076 0.001878
76 0.016212 0.001391
77 0.016929 0.001294
78 0.017016 0.001352
79 0.017112 0.001803
80 0.014151 0.000775
81 0.017004 0.001344
82 0.017120 0.001594
83 0.014174 0.000782
84 0.017040 0.001679
85 0.014824 0.000807
86 0.016977 0.001276
87 0.017124 0.001421
88 0.016929 0.001233
89 0.017088 0.001477
90 0.014184 0.000841
91 0.017068 0.001406
92 0.014178 0.000855
93 0.017064 0.001370
94 0.014184 0.000736
95 0.017076 0.001306
96 0.014205 0.000798
97 0.017104 0.001250
98 0.016929 0.001051
99 0.016444 0.001098
100 0.016977 0.001250
101 0.014144 0.000814
102 0.017040 0.001149
103 0.014208 0.000712
104 0.017120 0.001357
105 0.016957 0.001136
106 0.014151 0.000730
107 0.017056 0.001370
108 0.014245 0.000613
109 0.014820 0.000787
110 0.017016 0.001158
111 0.014225 0.000678
112 0.016212 0.000990
113 0.017000 0.001119
114 0.014225 0.000647
115 0.015981 0.000914
116 0.017008 0.001199
117 0.014245 0.000731
118 0.014595 0.000622
119 0.017040 0.001204
120 0.013095 0.000602
121 0.014168 0.000633
122 0.017096 0.001053
123 0.016957 0.001106
124 0.014231 0.000749
125 0.014824 0.000730
126 0.017040 0.001008
127 0.013123 0.000549
128 0.014205 0.000681
129 0.016444 0.000972
130 0.017016 0.001116
131 0.013120 0.000523
132 0.014205 0.000647
133 0.016212 0.000821
134 0.017024 0.001075
135 0.013142 0.000628
136 0.014231 0.000631
137 0.014128 0.000543
138 0.017064 0.000961
139 0.016941 0.000954
140 0.013095 0.000620
141 0.014184 0.000621
142 0.016432 0.000880
143 0.017016 0.000950
144 0.013170 0.000539
145 0.013080 0.000528
146 0.014171 0.000593
147 0.017124 0.000931
148 0.017008 0.000967
149 0.013183 0.000575
150 0.013095 0.000509
151 0.014191 0.000558
152 0.016212 0.000816
153 0.017040 0.000878
154 0.016929 0.000922
155 0.013142 0.000552
156 0.014245 0.000725
157 0.014154 0.000532
158 0.017112 0.000844
159 0.017004 0.000781
160 0.013221 0.000473
161 0.013139 0.000526
162 0.014245 0.000691
163 0.014158 0.000565
164 0.017120 0.001148
165 0.017016 0.000788
166 0.013253 0.000402
167 0.013174 0.000424
168 0.013095 0.000487
169 0.014201 0.000654
170 0.014824 0.000638
171 0.017076 0.000903
172 0.016977 0.000808
173 0.013247 0.000504
174 0.013170 0.000412
175 0.013095 0.000396
176 0.014205 0.000634
177 0.014595 0.000583
178 0.017088 0.001118
179 0.016993 0.000780
180 0.013285 0.000479
181 0.013212 0.000474
182 0.013139 0.000469
183 0.013780 0.000502
184 0.014178 0.000566
185 0.015981 0.000748
186 0.017064 0.001050
187 0.016973 0.000727
188 0.013298 0.000444
189 0.013228 0.000447
190 0.013158 0.000443
191 0.013089 0.000438
192 0.014205 0.000574
193 0.014131 0.000527
194 0.017104 0.000968
195 0.017016 0.000995
196 0.016929 0.000641
197 0.013295 0.000416
198 0.013228 0.000412
199 0.013161 0.000408
200 0.013095 0.000401
201 0.014215 0.000540
202 0.014144 0.000535
203 0.017124 0.001101
204 0.017040 0.000903
205 0.016957 0.000880
206 0.013350 0.000399
207 0.013285 0.000395
208 0.013221 0.000433
209 0.013158 0.000472
210 0.013095 0.000448
211 0.014218 0.000570
212 0.014151 0.000564
213 0.016432 0.000971
214 0.017056 0.001134
215 0.016977 0.000909
