This is XeTeX, Version 3.141592653-2.6-0.999994 (TeX Live 2022) (preloaded format=xelatex 2022.4.19)  19 APR 2022 18:48
entering extended mode
 restricted \write18 enabled.
 %&-line parsing enabled.
**experiment.tex
(./experiment.tex
LaTeX2e <2021-11-15> patch level 1
L3 programming layer <2022-02-24>
(/opt/tex/share/texmf-dist/tex/latex/base/latex209.def
File: latex209.def 2020/11/26 v0.55 Standard LaTeX file


          Entering LaTeX 2.09 COMPATIBILITY MODE
 *************************************************************
    !!WARNING!!    !!WARNING!!    !!WARNING!!    !!WARNING!!   
 
 This mode attempts to provide an emulation of the LaTeX 2.09
 author environment so that OLD documents can be successfully
 processed. It should NOT be used for NEW documents!
 
 New documents should use Standard LaTeX conventions and start
 with the \documentclass command.
 
 Compatibility mode is UNLIKELY TO WORK with LaTeX 2.09 style
 files that change any internal macros, especially not with
 those that change the FONT SELECTION or OUTPUT ROUTINES.
 
 Therefore such style files MUST BE UPDATED to use
          Current Standard LaTeX: LaTeX2e.
 If you suspect that you may be using such a style file, which
 is probably very, very old by now, then you should attempt to
 get it updated by sending a copy of this error message to the
 author of that file.
 *************************************************************

\footheight=\dimen138
\@maxsep=\dimen139
\@dblmaxsep=\dimen140
\@cla=\count181
\@clb=\count182
\mscount=\count183
(/opt/tex/share/texmf-dist/tex/latex/base/tracefnt.sty
Package: tracefnt 2020/12/22 v3.0n Standard LaTeX package (font tracing)
\tracingfonts=\count184
LaTeX Info: Redefining \selectfont on input line 107.
Applying: [2021/06/01] Add hook to \selectfont  on input line 142.
Already applied: [0000/00/00] Add hook to \selectfont  on input line 145.
)
\symbold=\mathgroup4
\symsans=\mathgroup5
\symtypewriter=\mathgroup6
\symitalic=\mathgroup7
\symsmallcaps=\mathgroup8
\symslanted=\mathgroup9
LaTeX Font Info:    Redeclaring math alphabet \mathbf on input line 275.
LaTeX Font Info:    Redeclaring math alphabet \mathsf on input line 276.
LaTeX Font Info:    Redeclaring math alphabet \mathtt on input line 277.
LaTeX Font Info:    Redeclaring math alphabet \mathit on input line 283.
LaTeX Info: Redefining \em on input line 293.

(/opt/tex/share/texmf-dist/tex/latex/base/latexsym.sty
Package: latexsym 1998/08/17 v2.2e Standard LaTeX package (lasy symbols)
\symlasy=\mathgroup10
LaTeX Font Info:    Overwriting symbol font `lasy' in version `bold'
(Font)                  U/lasy/m/n --> U/lasy/b/n on input line 52.
)
LaTeX Font Info:    Redeclaring math delimiter \lgroup on input line 339.
LaTeX Font Info:    Redeclaring math delimiter \rgroup on input line 341.
LaTeX Font Info:    Redeclaring math delimiter \bracevert on input line 343.
)
(/opt/tex/share/texmf-dist/tex/latex/base/article.cls
Document Class: article 2021/10/04 v1.4n Standard LaTeX document class
(/opt/tex/share/texmf-dist/tex/latex/base/size10.clo
File: size10.clo 2021/10/04 v1.4n Standard LaTeX file (size option)
LaTeX Font Info:    Trying to load font information for OT1+lmr on input line 5
4.

(/opt/tex/share/texmf-dist/tex/latex/lm/ot1lmr.fd
File: ot1lmr.fd 2015/05/01 v1.6.1 Font defs for Latin Modern
))
\c@part=\count185
\c@section=\count186
\c@subsection=\count187
\c@subsubsection=\count188
\c@paragraph=\count189
\c@subparagraph=\count190
\c@figure=\count191
\c@table=\count192
\abovecaptionskip=\skip47
\belowcaptionskip=\skip48
Compatibility mode: definition of \rm ignored.
Compatibility mode: definition of \sf ignored.
Compatibility mode: definition of \tt ignored.
Compatibility mode: definition of \bf ignored.
Compatibility mode: definition of \it ignored.
Compatibility mode: definition of \sl ignored.
Compatibility mode: definition of \sc ignored.
LaTeX Info: Redefining \cal on input line 497.
LaTeX Info: Redefining \mit on input line 498.
\bibindent=\dimen141
)
(/opt/tex/share/texmf-dist/tex/generic/epsf/epsf.sty
This is `epsf.tex' v2.7.4 <14 February 2011>
\epsffilein=\read2
\epsfframemargin=\dimen142
\epsfframethickness=\dimen143
\epsfrsize=\dimen144
\epsftmp=\dimen145
\epsftsize=\dimen146
\epsfxsize=\dimen147
\epsfysize=\dimen148
\pspoints=\dimen149
) (/opt/tex/share/texmf-dist/tex/latex/l3backend/l3backend-xetex.def
File: l3backend-xetex.def 2022-02-07 L3 backend support: XeTeX

(|extractbb --version)
\c__kernel_sys_dvipdfmx_version_int=\count193
\l__color_backend_stack_int=\count194
\g__color_backend_stack_int=\count195
\g__graphics_track_int=\count196
\l__pdf_internal_box=\box50
\g__pdf_backend_object_int=\count197
\g__pdf_backend_annotation_int=\count198
\g__pdf_backend_link_int=\count199
) (./experiment.aux)
\openout1 = `experiment.aux'.

LaTeX Font Info:    Checking defaults for OML/cmm/m/it on input line 7.
LaTeX Font Info:    ... okay on input line 7.
LaTeX Font Info:    Checking defaults for OMS/cmsy/m/n on input line 7.
LaTeX Font Info:    ... okay on input line 7.
LaTeX Font Info:    Checking defaults for OT1/cmr/m/n on input line 7.
LaTeX Font Info:    ... okay on input line 7.
LaTeX Font Info:    Checking defaults for T1/cmr/m/n on input line 7.
LaTeX Font Info:    ... okay on input line 7.
LaTeX Font Info:    Checking defaults for TS1/cmr/m/n on input line 7.
LaTeX Font Info:    Trying to load font information for TS1+cmr on input line 7
.

(/opt/tex/share/texmf-dist/tex/latex/base/ts1cmr.fd
File: ts1cmr.fd 2019/12/16 v2.5j Standard LaTeX font definitions
)
LaTeX Font Info:    ... okay on input line 7.
LaTeX Font Info:    Checking defaults for TU/lmr/m/n on input line 7.
LaTeX Font Info:    ... okay on input line 7.
LaTeX Font Info:    Checking defaults for OMX/cmex/m/n on input line 7.
LaTeX Font Info:    ... okay on input line 7.
LaTeX Font Info:    Checking defaults for U/cmr/m/n on input line 7.
LaTeX Font Info:    ... okay on input line 7.
LaTeX Font Info:    External font `cmex10' loaded for size
(Font)              <12> on input line 9.
LaTeX Font Info:    External font `cmex10' loaded for size
(Font)              <8> on input line 9.
LaTeX Font Info:    External font `cmex10' loaded for size
(Font)              <6> on input line 9.
LaTeX Font Info:    Trying to load font information for U+lasy on input line 9.


(/opt/tex/share/texmf-dist/tex/latex/base/ulasy.fd
File: ulasy.fd 1998/08/17 v2.2e LaTeX symbol font definitions
)
LaTeX Font Info:    External font `cmex10' loaded for size
(Font)              <7> on input line 17.
LaTeX Font Info:    External font `cmex10' loaded for size
(Font)              <5> on input line 17.
 [1

]
(tosh2ipx/size-rate-fit.eps
)

Overfull \hbox (16.34583pt too wide) in paragraph at lines 63--65
[][] 
 []

[2] (./experiment.aux)

LaTeX Warning: Label(s) may have changed. Rerun to get cross-references right.

 ) 
Here is how much of TeX's memory you used:
 822 strings out of 476179
 14936 string characters out of 5813512
 313519 words of memory out of 5000000
 21592 multiletter control sequences out of 15000+600000
 501377 words of font info for 86 fonts, out of 8000000 for 9000
 1348 hyphenation exceptions out of 8191
 43i,6n,40p,187b,237s stack positions out of 10000i,1000n,20000p,200000b,200000s

Output written on experiment.pdf (2 pages).
